0 info it worked if it ends with ok
1 verbose cli [ '/usr/local/Cellar/node4-lts/4.2.2/bin/node',
1 verbose cli   '/usr/local/bin/npm',
1 verbose cli   'publish',
1 verbose cli   './' ]
2 info using npm@3.5.3
3 info using node@v4.2.2
4 verbose publish [ './' ]
5 silly cache add args [ './', null ]
6 verbose cache add spec ./
7 silly cache add parsed spec Result {
7 silly cache add   raw: './',
7 silly cache add   scope: null,
7 silly cache add   name: null,
7 silly cache add   rawSpec: './',
7 silly cache add   spec: '/Users/pieromaltese/projects/json-schema-convert',
7 silly cache add   type: 'directory' }
8 verbose addLocalDirectory /Users/pieromaltese/.npm/json-schema-convert/1.0.5/package.tgz not in flight; packing
9 info lifecycle json-schema-convert@1.0.5~prepublish: json-schema-convert@1.0.5
10 silly lifecycle json-schema-convert@1.0.5~prepublish: no script for prepublish, continuing
11 verbose tar pack [ '/Users/pieromaltese/.npm/json-schema-convert/1.0.5/package.tgz',
11 verbose tar pack   '/Users/pieromaltese/projects/json-schema-convert' ]
12 verbose tarball /Users/pieromaltese/.npm/json-schema-convert/1.0.5/package.tgz
13 verbose folder /Users/pieromaltese/projects/json-schema-convert
14 verbose addLocalTarball adding from inside cache /Users/pieromaltese/.npm/json-schema-convert/1.0.5/package.tgz
15 silly cache afterAdd json-schema-convert@1.0.5
16 verbose afterAdd /Users/pieromaltese/.npm/json-schema-convert/1.0.5/package/package.json not in flight; writing
17 verbose afterAdd /Users/pieromaltese/.npm/json-schema-convert/1.0.5/package/package.json written
18 silly publish { name: 'json-schema-convert',
18 silly publish   version: '1.0.5',
18 silly publish   description: '',
18 silly publish   main: 'index.js',
18 silly publish   scripts: {},
18 silly publish   author: { name: 'Piero Maltese maltesepiero@gmail.com' },
18 silly publish   homepage: 'https://github.com/pierissimo/json-schema-convert',
18 silly publish   repository:
18 silly publish    { url: 'git+https://github.com/pierissimo/json-schema-convert.git',
18 silly publish      type: 'git' },
18 silly publish   license: 'MIT',
18 silly publish   bin: { 'json-schema-convert': './index.js' },
18 silly publish   dependencies:
18 silly publish    { bluebird: '^3.2.1',
18 silly publish      commander: '^2.9.0',
18 silly publish      lodash: '^4.2.0',
18 silly publish      mongoose: '^4.3.7' },
18 silly publish   gitHead: '530a1bcf427ee71b94b344264e3bbbd8e3ea1252',
18 silly publish   bugs: { url: 'https://github.com/pierissimo/json-schema-convert/issues' },
18 silly publish   readme: 'ERROR: No README data found!',
18 silly publish   _id: 'json-schema-convert@1.0.5',
18 silly publish   _shasum: '1831a3881acd3c901b249942f3da96eb45ec121b',
18 silly publish   _from: '.' }
19 verbose getPublishConfig undefined
20 silly mapToRegistry name json-schema-convert
21 silly mapToRegistry using default registry
22 silly mapToRegistry registry https://registry.npmjs.org/
23 silly mapToRegistry uri https://registry.npmjs.org/json-schema-convert
24 verbose publish registryBase https://registry.npmjs.org/
25 silly publish uploading /Users/pieromaltese/.npm/json-schema-convert/1.0.5/package.tgz
26 verbose request uri https://registry.npmjs.org/json-schema-convert
27 verbose request sending authorization for write operation
28 info attempt registry request try #1 at 12:17:28 PM
29 verbose request using bearer token for auth
30 verbose request id cc0d722b4d0fab0b
31 http request PUT https://registry.npmjs.org/json-schema-convert
32 http 403 https://registry.npmjs.org/json-schema-convert
33 verbose headers { 'content-type': 'application/json',
33 verbose headers   'cache-control': 'max-age=300',
33 verbose headers   'content-length': '95',
33 verbose headers   'accept-ranges': 'bytes',
33 verbose headers   date: 'Thu, 24 Mar 2016 12:17:30 GMT',
33 verbose headers   via: '1.1 varnish',
33 verbose headers   connection: 'keep-alive',
33 verbose headers   'x-served-by': 'cache-lhr6324-LHR',
33 verbose headers   'x-cache': 'MISS',
33 verbose headers   'x-cache-hits': '0',
33 verbose headers   'x-timer': 'S1458821848.913424,VS0,VE1339' }
34 verbose request invalidating /Users/pieromaltese/.npm/registry.npmjs.org/json-schema-convert on PUT
35 error publish Failed PUT 403
36 verbose stack Error: "You cannot publish over the previously published version 1.0.5." : json-schema-convert
36 verbose stack     at makeError (/usr/local/lib/node_modules/npm/node_modules/npm-registry-client/lib/request.js:264:12)
36 verbose stack     at CachingRegistryClient.<anonymous> (/usr/local/lib/node_modules/npm/node_modules/npm-registry-client/lib/request.js:252:14)
36 verbose stack     at Request._callback (/usr/local/lib/node_modules/npm/node_modules/npm-registry-client/lib/request.js:172:14)
36 verbose stack     at Request.self.callback (/usr/local/lib/node_modules/npm/node_modules/request/request.js:198:22)
36 verbose stack     at emitTwo (events.js:87:13)
36 verbose stack     at Request.emit (events.js:172:7)
36 verbose stack     at Request.<anonymous> (/usr/local/lib/node_modules/npm/node_modules/request/request.js:1035:10)
36 verbose stack     at emitOne (events.js:82:20)
36 verbose stack     at Request.emit (events.js:169:7)
36 verbose stack     at IncomingMessage.<anonymous> (/usr/local/lib/node_modules/npm/node_modules/request/request.js:962:12)
37 verbose statusCode 403
38 verbose pkgid json-schema-convert
39 verbose cwd /Users/pieromaltese/projects/json-schema-convert
40 error Darwin 15.2.0
41 error argv "/usr/local/Cellar/node4-lts/4.2.2/bin/node" "/usr/local/bin/npm" "publish" "./"
42 error node v4.2.2
43 error npm  v3.5.3
44 error code E403
45 error "You cannot publish over the previously published version 1.0.5." : json-schema-convert
46 error If you need help, you may report this error at:
46 error     <https://github.com/npm/npm/issues>
47 verbose exit [ 1, true ]
